C:\USERS\SUNNY\ONEDRIVE\DESKTOP\SPEECH PROCESSING\234101051_DIGITRECOGNITION\CODE_BOOK_FOR_DIGITS\CODE_BOOK_FOR_DIGITS\DEBUG\CODE_BOOK_FOR_DIGITS.EXE.EMBED.MANIFEST
C:\USERS\SUNNY\ONEDRIVE\DESKTOP\SPEECH PROCESSING\234101051_DIGITRECOGNITION\CODE_BOOK_FOR_DIGITS\CODE_BOOK_FOR_DIGITS\DEBUG\CODE_BOOK_FOR_DIGITS.EXE.EMBED.MANIFEST.RES
C:\USERS\SUNNY\ONEDRIVE\DESKTOP\SPEECH PROCESSING\234101051_DIGITRECOGNITION\CODE_BOOK_FOR_DIGITS\CODE_BOOK_FOR_DIGITS\DEBUG\CODE_BOOK_FOR_DIGITS.EXE.INTERMEDIATE.MANIFEST
C:\USERS\SUNNY\ONEDRIVE\DESKTOP\SPEECH PROCESSING\234101051_DIGITRECOGNITION\CODE_BOOK_FOR_DIGITS\CODE_BOOK_FOR_DIGITS\DEBUG\CODE_BOOK_FOR_DIGITS.OBJ
C:\USERS\SUNNY\ONEDRIVE\DESKTOP\SPEECH PROCESSING\234101051_DIGITRECOGNITION\CODE_BOOK_FOR_DIGITS\CODE_BOOK_FOR_DIGITS\DEBUG\CODE_BOOK_FOR_DIGITS.PCH
C:\USERS\SUNNY\ONEDRIVE\DESKTOP\SPEECH PROCESSING\234101051_DIGITRECOGNITION\CODE_BOOK_FOR_DIGITS\CODE_BOOK_FOR_DIGITS\DEBUG\STDAFX.OBJ
C:\USERS\SUNNY\ONEDRIVE\DESKTOP\SPEECH PROCESSING\234101051_DIGITRECOGNITION\CODE_BOOK_FOR_DIGITS\CODE_BOOK_FOR_DIGITS\DEBUG\VC100.PDB
C:\USERS\SUNNY\ONEDRIVE\DESKTOP\SPEECH PROCESSING\234101051_DIGITRECOGNITION\CODE_BOOK_FOR_DIGITS\DEBUG\CODE_BOOK_FOR_DIGITS.EXE
C:\USERS\SUNNY\ONEDRIVE\DESKTOP\SPEECH PROCESSING\234101051_DIGITRECOGNITION\CODE_BOOK_FOR_DIGITS\DEBUG\CODE_BOOK_FOR_DIGITS.ILK
C:\USERS\SUNNY\ONEDRIVE\DESKTOP\SPEECH PROCESSING\234101051_DIGITRECOGNITION\CODE_BOOK_FOR_DIGITS\DEBUG\CODE_BOOK_FOR_DIGITS.PDB
I:\234101051_digitrecognition\code_book_for_digits\code_book_for_digits\Debug\cl.command.1.tlog
I:\234101051_digitrecognition\code_book_for_digits\code_book_for_digits\Debug\CL.read.1.tlog
I:\234101051_digitrecognition\code_book_for_digits\code_book_for_digits\Debug\CL.write.1.tlog
I:\234101051_digitrecognition\code_book_for_digits\code_book_for_digits\Debug\code_book_for_digits.exe.embed.manifest
I:\234101051_DIGITRECOGNITION\CODE_BOOK_FOR_DIGITS\CODE_BOOK_FOR_DIGITS\DEBUG\CODE_BOOK_FOR_DIGITS.EXE.EMBED.MANIFEST.RES
I:\234101051_DIGITRECOGNITION\CODE_BOOK_FOR_DIGITS\CODE_BOOK_FOR_DIGITS\DEBUG\CODE_BOOK_FOR_DIGITS.EXE.INTERMEDIATE.MANIFEST
I:\234101051_DIGITRECOGNITION\CODE_BOOK_FOR_DIGITS\CODE_BOOK_FOR_DIGITS\DEBUG\CODE_BOOK_FOR_DIGITS.OBJ
I:\234101051_DIGITRECOGNITION\CODE_BOOK_FOR_DIGITS\CODE_BOOK_FOR_DIGITS\DEBUG\CODE_BOOK_FOR_DIGITS.PCH
I:\234101051_digitrecognition\code_book_for_digits\code_book_for_digits\Debug\code_book_for_digits.write.1.tlog
I:\234101051_digitrecognition\code_book_for_digits\code_book_for_digits\Debug\code_book_for_digits_manifest.rc
I:\234101051_digitrecognition\code_book_for_digits\code_book_for_digits\Debug\link.12800.read.1.tlog
I:\234101051_digitrecognition\code_book_for_digits\code_book_for_digits\Debug\link.12800.write.1.tlog
I:\234101051_digitrecognition\code_book_for_digits\code_book_for_digits\Debug\link.12800-cvtres.read.1.tlog
I:\234101051_digitrecognition\code_book_for_digits\code_book_for_digits\Debug\link.12800-cvtres.write.1.tlog
I:\234101051_digitrecognition\code_book_for_digits\code_book_for_digits\Debug\link.command.1.tlog
I:\234101051_digitrecognition\code_book_for_digits\code_book_for_digits\Debug\link.read.1.tlog
I:\234101051_digitrecognition\code_book_for_digits\code_book_for_digits\Debug\link.write.1.tlog
I:\234101051_digitrecognition\code_book_for_digits\code_book_for_digits\Debug\link-cvtres.read.1.tlog
I:\234101051_digitrecognition\code_book_for_digits\code_book_for_digits\Debug\link-cvtres.write.1.tlog
I:\234101051_digitrecognition\code_book_for_digits\code_book_for_digits\Debug\mt.command.1.tlog
I:\234101051_digitrecognition\code_book_for_digits\code_book_for_digits\Debug\mt.read.1.tlog
I:\234101051_digitrecognition\code_book_for_digits\code_book_for_digits\Debug\mt.write.1.tlog
I:\234101051_digitrecognition\code_book_for_digits\code_book_for_digits\Debug\rc.command.1.tlog
I:\234101051_digitrecognition\code_book_for_digits\code_book_for_digits\Debug\rc.read.1.tlog
I:\234101051_digitrecognition\code_book_for_digits\code_book_for_digits\Debug\rc.write.1.tlog
I:\234101051_DIGITRECOGNITION\CODE_BOOK_FOR_DIGITS\CODE_BOOK_FOR_DIGITS\DEBUG\STDAFX.OBJ
I:\234101051_digitrecognition\code_book_for_digits\code_book_for_digits\Debug\vc100.idb
I:\234101051_DIGITRECOGNITION\CODE_BOOK_FOR_DIGITS\CODE_BOOK_FOR_DIGITS\DEBUG\VC100.PDB
I:\234101051_DIGITRECOGNITION\CODE_BOOK_FOR_DIGITS\DEBUG\CODE_BOOK_FOR_DIGITS.EXE
I:\234101051_DIGITRECOGNITION\CODE_BOOK_FOR_DIGITS\DEBUG\CODE_BOOK_FOR_DIGITS.ILK
I:\234101051_DIGITRECOGNITION\CODE_BOOK_FOR_DIGITS\DEBUG\CODE_BOOK_FOR_DIGITS.PDB
